INFO: 2025/03/13 21:04:58 load.go:28: Load app.yaml file success
INFO: 2025/03/13 21:04:58 load.go:50: Load tpl.yaml file success
INFO: 2025/03/13 21:04:58 platform_windows.go:30: run cmd.exe:E:/WaterMark/tools/exiftool.exe -j -TAG -Make -Model -CreateDate -LensModel -ExposureTime -FNumber -ISO -FocalLength -XResolution -YResolution -MechanicalShutterCount -ShutterCount ./test/竖图.jpg
ERROR: 2025/03/13 21:04:58 logo.go:53: 不支持的Logo,请前往app.yaml文件添加
ERROR: 2025/03/13 21:04:58 watermark.go:290: ./test/竖图.jpg图片对应的生产商Logo不存在
INFO: 2025/03/13 21:04:58 platform_windows.go:30: run cmd.exe:E:/WaterMark/tools/exiftool.exe -j -TAG -Make -Model -CreateDate -LensModel -ExposureTime -FNumber -ISO -FocalLength -XResolution -YResolution -MechanicalShutterCount -ShutterCount ./test/竖图.jpg
ERROR: 2025/03/13 21:04:58 logo.go:53: 不支持的Logo,请前往app.yaml文件添加
ERROR: 2025/03/13 21:04:58 watermark.go:290: ./test/竖图.jpg图片对应的生产商Logo不存在
INFO: 2025/03/13 21:04:58 platform_windows.go:30: run cmd.exe:E:/WaterMark/tools/exiftool.exe -j -TAG -Make -Model -CreateDate -LensModel -ExposureTime -FNumber -ISO -FocalLength -XResolution -YResolution -MechanicalShutterCount -ShutterCount ./test/竖图.jpg
ERROR: 2025/03/13 21:04:58 logo.go:53: 不支持的Logo,请前往app.yaml文件添加
ERROR: 2025/03/13 21:04:58 watermark.go:290: ./test/竖图.jpg图片对应的生产商Logo不存在
INFO: 2025/03/13 21:04:58 platform_windows.go:30: run cmd.exe:E:/WaterMark/tools/exiftool.exe -j -TAG -Make -Model -CreateDate -LensModel -ExposureTime -FNumber -ISO -FocalLength -XResolution -YResolution -MechanicalShutterCount -ShutterCount ./test/竖图.jpg
ERROR: 2025/03/13 21:04:58 logo.go:53: 不支持的Logo,请前往app.yaml文件添加
ERROR: 2025/03/13 21:04:58 watermark.go:290: ./test/竖图.jpg图片对应的生产商Logo不存在
INFO: 2025/03/13 21:09:17 load.go:28: Load app.yaml file success
INFO: 2025/03/13 21:09:17 load.go:50: Load tpl.yaml file success
INFO: 2025/03/13 21:09:17 platform_windows.go:29: run cmd.exe:E:/WaterMark/tools/exiftool.exe -j -TAG -Make -Model -CreateDate -LensModel -ExposureTime -FNumber -ISO -FocalLength -XResolution -YResolution -MechanicalShutterCount -ShutterCount ./test/竖图.jpg
INFO: 2025/03/13 21:09:18 platform_windows.go:29: run cmd.exe:E:/WaterMark/tools/exiftool.exe -j -TAG -Make -Model -CreateDate -LensModel -ExposureTime -FNumber -ISO -FocalLength -XResolution -YResolution -MechanicalShutterCount -ShutterCount ./test/竖图.jpg
INFO: 2025/03/13 21:09:19 platform_windows.go:29: run cmd.exe:E:/WaterMark/tools/exiftool.exe -j -TAG -Make -Model -CreateDate -LensModel -ExposureTime -FNumber -ISO -FocalLength -XResolution -YResolution -MechanicalShutterCount -ShutterCount ./test/竖图.jpg
INFO: 2025/03/13 21:09:20 platform_windows.go:29: run cmd.exe:E:/WaterMark/tools/exiftool.exe -j -TAG -Make -Model -CreateDate -LensModel -ExposureTime -FNumber -ISO -FocalLength -XResolution -YResolution -MechanicalShutterCount -ShutterCount ./test/竖图.jpg
INFO: 2025/03/13 21:11:16 load.go:28: Load app.yaml file success
INFO: 2025/03/13 21:11:16 load.go:50: Load tpl.yaml file success
INFO: 2025/03/13 21:11:16 platform_windows.go:29: run cmd.exe:E:/WaterMark/tools/exiftool.exe -j -TAG -Make -Model -CreateDate -LensModel -ExposureTime -FNumber -ISO -FocalLength -XResolution -YResolution -MechanicalShutterCount -ShutterCount ./test/竖图.jpg
INFO: 2025/03/13 21:11:17 platform_windows.go:29: run cmd.exe:E:/WaterMark/tools/exiftool.exe -j -TAG -Make -Model -CreateDate -LensModel -ExposureTime -FNumber -ISO -FocalLength -XResolution -YResolution -MechanicalShutterCount -ShutterCount ./test/竖图.jpg
INFO: 2025/03/13 21:11:18 platform_windows.go:29: run cmd.exe:E:/WaterMark/tools/exiftool.exe -j -TAG -Make -Model -CreateDate -LensModel -ExposureTime -FNumber -ISO -FocalLength -XResolution -YResolution -MechanicalShutterCount -ShutterCount ./test/竖图.jpg
INFO: 2025/03/13 21:11:19 platform_windows.go:29: run cmd.exe:E:/WaterMark/tools/exiftool.exe -j -TAG -Make -Model -CreateDate -LensModel -ExposureTime -FNumber -ISO -FocalLength -XResolution -YResolution -MechanicalShutterCount -ShutterCount ./test/竖图.jpg
INFO: 2025/03/13 21:23:33 load.go:28: Load app.yaml file success
INFO: 2025/03/13 21:23:33 load.go:50: Load tpl.yaml file success
INFO: 2025/03/13 21:23:33 platform_windows.go:29: run cmd.exe:E:/WaterMark/tools/exiftool.exe -j -TAG -Make -Model -CreateDate -LensModel -ExposureTime -FNumber -ISO -FocalLength -XResolution -YResolution -MechanicalShutterCount -ShutterCount ./test/竖图.jpg
INFO: 2025/03/13 21:23:34 platform_windows.go:29: run cmd.exe:E:/WaterMark/tools/exiftool.exe -j -TAG -Make -Model -CreateDate -LensModel -ExposureTime -FNumber -ISO -FocalLength -XResolution -YResolution -MechanicalShutterCount -ShutterCount ./test/竖图.jpg
INFO: 2025/03/13 21:23:36 platform_windows.go:29: run cmd.exe:E:/WaterMark/tools/exiftool.exe -j -TAG -Make -Model -CreateDate -LensModel -ExposureTime -FNumber -ISO -FocalLength -XResolution -YResolution -MechanicalShutterCount -ShutterCount ./test/竖图.jpg
INFO: 2025/03/13 21:23:37 platform_windows.go:29: run cmd.exe:E:/WaterMark/tools/exiftool.exe -j -TAG -Make -Model -CreateDate -LensModel -ExposureTime -FNumber -ISO -FocalLength -XResolution -YResolution -MechanicalShutterCount -ShutterCount ./test/竖图.jpg
INFO: 2025/03/13 21:26:34 load.go:28: Load app.yaml file success
INFO: 2025/03/13 21:26:34 load.go:50: Load tpl.yaml file success
INFO: 2025/03/13 21:26:34 platform_windows.go:29: run cmd.exe:E:/WaterMark/tools/exiftool.exe -j -TAG -Make -Model -CreateDate -LensModel -ExposureTime -FNumber -ISO -FocalLength -XResolution -YResolution -MechanicalShutterCount -ShutterCount ./test/竖图.jpg
INFO: 2025/03/13 21:26:35 platform_windows.go:29: run cmd.exe:E:/WaterMark/tools/exiftool.exe -j -TAG -Make -Model -CreateDate -LensModel -ExposureTime -FNumber -ISO -FocalLength -XResolution -YResolution -MechanicalShutterCount -ShutterCount ./test/竖图.jpg
INFO: 2025/03/13 21:26:36 platform_windows.go:29: run cmd.exe:E:/WaterMark/tools/exiftool.exe -j -TAG -Make -Model -CreateDate -LensModel -ExposureTime -FNumber -ISO -FocalLength -XResolution -YResolution -MechanicalShutterCount -ShutterCount ./test/竖图.jpg
INFO: 2025/03/13 21:26:38 platform_windows.go:29: run cmd.exe:E:/WaterMark/tools/exiftool.exe -j -TAG -Make -Model -CreateDate -LensModel -ExposureTime -FNumber -ISO -FocalLength -XResolution -YResolution -MechanicalShutterCount -ShutterCount ./test/竖图.jpg
INFO: 2025/03/13 21:49:39 load.go:28: Load app.yaml file success
INFO: 2025/03/13 21:49:39 load.go:50: Load tpl.yaml file success
INFO: 2025/03/13 21:49:39 platform_windows.go:29: run cmd.exe:E:/WaterMark/tools/exiftool.exe -j -TAG -Make -Model -CreateDate -LensModel -ExposureTime -FNumber -ISO -FocalLength -XResolution -YResolution -MechanicalShutterCount -ShutterCount ./test/竖图.jpg
INFO: 2025/03/13 21:49:40 platform_windows.go:29: run cmd.exe:E:/WaterMark/tools/exiftool.exe -j -TAG -Make -Model -CreateDate -LensModel -ExposureTime -FNumber -ISO -FocalLength -XResolution -YResolution -MechanicalShutterCount -ShutterCount ./test/竖图.jpg
INFO: 2025/03/13 21:49:41 platform_windows.go:29: run cmd.exe:E:/WaterMark/tools/exiftool.exe -j -TAG -Make -Model -CreateDate -LensModel -ExposureTime -FNumber -ISO -FocalLength -XResolution -YResolution -MechanicalShutterCount -ShutterCount ./test/竖图.jpg
INFO: 2025/03/13 21:49:42 platform_windows.go:29: run cmd.exe:E:/WaterMark/tools/exiftool.exe -j -TAG -Make -Model -CreateDate -LensModel -ExposureTime -FNumber -ISO -FocalLength -XResolution -YResolution -MechanicalShutterCount -ShutterCount ./test/竖图.jpg
INFO: 2025/03/13 21:56:27 load.go:28: Load app.yaml file success
INFO: 2025/03/13 21:56:27 load.go:50: Load tpl.yaml file success
INFO: 2025/03/13 21:56:27 platform_windows.go:29: run cmd.exe:E:/WaterMark/tools/exiftool.exe -j -TAG -Make -Model -CreateDate -LensModel -ExposureTime -FNumber -ISO -FocalLength -XResolution -YResolution -MechanicalShutterCount -ShutterCount ./test/竖图.jpg
INFO: 2025/03/13 21:56:28 platform_windows.go:29: run cmd.exe:E:/WaterMark/tools/exiftool.exe -j -TAG -Make -Model -CreateDate -LensModel -ExposureTime -FNumber -ISO -FocalLength -XResolution -YResolution -MechanicalShutterCount -ShutterCount ./test/竖图.jpg
INFO: 2025/03/13 21:56:29 platform_windows.go:29: run cmd.exe:E:/WaterMark/tools/exiftool.exe -j -TAG -Make -Model -CreateDate -LensModel -ExposureTime -FNumber -ISO -FocalLength -XResolution -YResolution -MechanicalShutterCount -ShutterCount ./test/竖图.jpg
INFO: 2025/03/13 21:56:30 platform_windows.go:29: run cmd.exe:E:/WaterMark/tools/exiftool.exe -j -TAG -Make -Model -CreateDate -LensModel -ExposureTime -FNumber -ISO -FocalLength -XResolution -YResolution -MechanicalShutterCount -ShutterCount ./test/竖图.jpg
